2026-02-12 14:39:47,772 - DASAS - INFO - main:356 - Starting DASAS Admin Dashboard...
2026-02-12 14:39:48,118 - DASAS - ERROR - get_connection:96 - Database error: no such table: devices
2026-02-12 14:39:48,119 - DASAS - ERROR - _render_system_status:186 - Error rendering system status: no such table: devices
2026-02-12 14:39:48,126 - DASAS - ERROR - get_connection:96 - Database error: no such table: devices
2026-02-12 14:39:48,127 - DASAS - CRITICAL - run:349 - Application error: no such table: devices
2026-02-12 14:39:53,479 - DASAS - INFO - main:356 - Starting DASAS Admin Dashboard...
2026-02-12 14:39:53,495 - DASAS - ERROR - get_connection:96 - Database error: no such table: devices
2026-02-12 14:39:53,502 - DASAS - ERROR - _render_system_status:186 - Error rendering system status: no such table: devices
2026-02-12 14:39:53,520 - DASAS - ERROR - get_connection:96 - Database error: no such table: devices
2026-02-12 14:39:53,521 - DASAS - CRITICAL - run:349 - Application error: no such table: devices
2026-02-12 14:39:54,420 - DASAS - INFO - main:356 - Starting DASAS Admin Dashboard...
2026-02-12 14:39:54,431 - DASAS - ERROR - get_connection:96 - Database error: no such table: devices
2026-02-12 14:39:54,432 - DASAS - ERROR - _render_system_status:186 - Error rendering system status: no such table: devices
2026-02-12 14:39:54,439 - DASAS - ERROR - get_connection:96 - Database error: no such table: devices
2026-02-12 14:39:54,440 - DASAS - CRITICAL - run:349 - Application error: no such table: devices
2026-02-12 14:39:55,250 - DASAS - INFO - main:356 - Starting DASAS Admin Dashboard...
2026-02-12 14:39:55,259 - DASAS - ERROR - get_connection:96 - Database error: no such table: devices
2026-02-12 14:39:55,260 - DASAS - ERROR - _render_system_status:186 - Error rendering system status: no such table: devices
2026-02-12 14:39:56,179 - DASAS - INFO - main:356 - Starting DASAS Admin Dashboard...
2026-02-12 14:39:56,194 - DASAS - ERROR - get_connection:96 - Database error: no such table: devices
2026-02-12 14:39:56,195 - DASAS - ERROR - _render_system_status:186 - Error rendering system status: no such table: devices
2026-02-12 14:39:56,604 - DASAS - INFO - main:356 - Starting DASAS Admin Dashboard...
2026-02-12 14:39:56,612 - DASAS - ERROR - get_connection:96 - Database error: no such table: devices
2026-02-12 14:39:56,613 - DASAS - ERROR - _render_system_status:186 - Error rendering system status: no such table: devices
2026-02-12 14:39:56,845 - DASAS - INFO - main:356 - Starting DASAS Admin Dashboard...
2026-02-12 14:39:56,852 - DASAS - ERROR - get_connection:96 - Database error: no such table: devices
2026-02-12 14:39:56,853 - DASAS - ERROR - _render_system_status:186 - Error rendering system status: no such table: devices
2026-02-12 14:39:57,076 - DASAS - INFO - main:356 - Starting DASAS Admin Dashboard...
2026-02-12 14:39:57,084 - DASAS - ERROR - get_connection:96 - Database error: no such table: devices
2026-02-12 14:39:57,085 - DASAS - ERROR - _render_system_status:186 - Error rendering system status: no such table: devices
2026-02-12 14:39:57,308 - DASAS - INFO - main:356 - Starting DASAS Admin Dashboard...
2026-02-12 14:39:57,315 - DASAS - ERROR - get_connection:96 - Database error: no such table: devices
2026-02-12 14:39:57,316 - DASAS - ERROR - _render_system_status:186 - Error rendering system status: no such table: devices
2026-02-12 14:39:57,540 - DASAS - INFO - main:356 - Starting DASAS Admin Dashboard...
2026-02-12 14:39:57,547 - DASAS - ERROR - get_connection:96 - Database error: no such table: devices
2026-02-12 14:39:57,548 - DASAS - ERROR - _render_system_status:186 - Error rendering system status: no such table: devices
2026-02-12 14:39:57,766 - DASAS - INFO - main:356 - Starting DASAS Admin Dashboard...
2026-02-12 14:39:57,773 - DASAS - ERROR - get_connection:96 - Database error: no such table: devices
2026-02-12 14:39:57,774 - DASAS - ERROR - _render_system_status:186 - Error rendering system status: no such table: devices
2026-02-12 14:39:58,008 - DASAS - INFO - main:356 - Starting DASAS Admin Dashboard...
2026-02-12 14:39:58,016 - DASAS - ERROR - get_connection:96 - Database error: no such table: devices
2026-02-12 14:39:58,016 - DASAS - ERROR - _render_system_status:186 - Error rendering system status: no such table: devices
2026-02-12 14:39:58,231 - DASAS - INFO - main:356 - Starting DASAS Admin Dashboard...
2026-02-12 14:39:58,238 - DASAS - ERROR - get_connection:96 - Database error: no such table: devices
2026-02-12 14:39:58,238 - DASAS - ERROR - _render_system_status:186 - Error rendering system status: no such table: devices
2026-02-12 14:39:58,455 - DASAS - INFO - main:356 - Starting DASAS Admin Dashboard...
2026-02-12 14:39:58,463 - DASAS - ERROR - get_connection:96 - Database error: no such table: devices
2026-02-12 14:39:58,464 - DASAS - ERROR - _render_system_status:186 - Error rendering system status: no such table: devices
2026-02-12 14:39:58,682 - DASAS - INFO - main:356 - Starting DASAS Admin Dashboard...
2026-02-12 14:39:58,689 - DASAS - ERROR - get_connection:96 - Database error: no such table: devices
2026-02-12 14:39:58,689 - DASAS - ERROR - _render_system_status:186 - Error rendering system status: no such table: devices
2026-02-12 14:39:58,923 - DASAS - INFO - main:356 - Starting DASAS Admin Dashboard...
2026-02-12 14:39:58,932 - DASAS - ERROR - get_connection:96 - Database error: no such table: devices
2026-02-12 14:39:58,933 - DASAS - ERROR - _render_system_status:186 - Error rendering system status: no such table: devices
2026-02-12 14:39:59,164 - DASAS - INFO - main:356 - Starting DASAS Admin Dashboard...
2026-02-12 14:39:59,171 - DASAS - ERROR - get_connection:96 - Database error: no such table: devices
2026-02-12 14:39:59,172 - DASAS - ERROR - _render_system_status:186 - Error rendering system status: no such table: devices
2026-02-12 14:39:59,435 - DASAS - INFO - main:356 - Starting DASAS Admin Dashboard...
2026-02-12 14:39:59,442 - DASAS - ERROR - get_connection:96 - Database error: no such table: devices
2026-02-12 14:39:59,442 - DASAS - ERROR - _render_system_status:186 - Error rendering system status: no such table: devices
2026-02-12 14:39:59,673 - DASAS - INFO - main:356 - Starting DASAS Admin Dashboard...
2026-02-12 14:39:59,683 - DASAS - ERROR - get_connection:96 - Database error: no such table: devices
2026-02-12 14:39:59,683 - DASAS - ERROR - _render_system_status:186 - Error rendering system status: no such table: devices
2026-02-12 14:39:59,899 - DASAS - INFO - main:356 - Starting DASAS Admin Dashboard...
2026-02-12 14:39:59,907 - DASAS - ERROR - get_connection:96 - Database error: no such table: devices
2026-02-12 14:39:59,907 - DASAS - ERROR - _render_system_status:186 - Error rendering system status: no such table: devices
2026-02-12 14:40:00,154 - DASAS - INFO - main:356 - Starting DASAS Admin Dashboard...
2026-02-12 14:40:00,161 - DASAS - ERROR - get_connection:96 - Database error: no such table: devices
2026-02-12 14:40:00,162 - DASAS - ERROR - _render_system_status:186 - Error rendering system status: no such table: devices
2026-02-12 14:40:00,381 - DASAS - INFO - main:356 - Starting DASAS Admin Dashboard...
2026-02-12 14:40:00,389 - DASAS - ERROR - get_connection:96 - Database error: no such table: devices
2026-02-12 14:40:00,389 - DASAS - ERROR - _render_system_status:186 - Error rendering system status: no such table: devices
2026-02-12 14:40:00,609 - DASAS - INFO - main:356 - Starting DASAS Admin Dashboard...
2026-02-12 14:40:00,617 - DASAS - ERROR - get_connection:96 - Database error: no such table: devices
2026-02-12 14:40:00,618 - DASAS - ERROR - _render_system_status:186 - Error rendering system status: no such table: devices
2026-02-12 14:40:00,837 - DASAS - INFO - main:356 - Starting DASAS Admin Dashboard...
2026-02-12 14:40:00,845 - DASAS - ERROR - get_connection:96 - Database error: no such table: devices
2026-02-12 14:40:00,846 - DASAS - ERROR - _render_system_status:186 - Error rendering system status: no such table: devices
2026-02-12 14:40:01,091 - DASAS - INFO - main:356 - Starting DASAS Admin Dashboard...
2026-02-12 14:40:01,098 - DASAS - ERROR - get_connection:96 - Database error: no such table: devices
2026-02-12 14:40:01,099 - DASAS - ERROR - _render_system_status:186 - Error rendering system status: no such table: devices
2026-02-12 14:40:01,318 - DASAS - INFO - main:356 - Starting DASAS Admin Dashboard...
2026-02-12 14:40:01,326 - DASAS - ERROR - get_connection:96 - Database error: no such table: devices
2026-02-12 14:40:01,327 - DASAS - ERROR - _render_system_status:186 - Error rendering system status: no such table: devices
2026-02-12 14:40:01,547 - DASAS - INFO - main:356 - Starting DASAS Admin Dashboard...
2026-02-12 14:40:01,555 - DASAS - ERROR - get_connection:96 - Database error: no such table: devices
2026-02-12 14:40:01,556 - DASAS - ERROR - _render_system_status:186 - Error rendering system status: no such table: devices
2026-02-12 14:40:01,769 - DASAS - INFO - main:356 - Starting DASAS Admin Dashboard...
2026-02-12 14:40:01,776 - DASAS - ERROR - get_connection:96 - Database error: no such table: devices
2026-02-12 14:40:01,776 - DASAS - ERROR - _render_system_status:186 - Error rendering system status: no such table: devices
2026-02-12 14:40:02,010 - DASAS - INFO - main:356 - Starting DASAS Admin Dashboard...
2026-02-12 14:40:02,019 - DASAS - ERROR - get_connection:96 - Database error: no such table: devices
2026-02-12 14:40:02,019 - DASAS - ERROR - _render_system_status:186 - Error rendering system status: no such table: devices
2026-02-12 14:40:02,260 - DASAS - INFO - main:356 - Starting DASAS Admin Dashboard...
2026-02-12 14:40:02,268 - DASAS - ERROR - get_connection:96 - Database error: no such table: devices
2026-02-12 14:40:02,268 - DASAS - ERROR - _render_system_status:186 - Error rendering system status: no such table: devices
2026-02-12 14:40:02,485 - DASAS - INFO - main:356 - Starting DASAS Admin Dashboard...
2026-02-12 14:40:02,493 - DASAS - ERROR - get_connection:96 - Database error: no such table: devices
2026-02-12 14:40:02,493 - DASAS - ERROR - _render_system_status:186 - Error rendering system status: no such table: devices
2026-02-12 14:40:02,707 - DASAS - INFO - main:356 - Starting DASAS Admin Dashboard...
2026-02-12 14:40:02,715 - DASAS - ERROR - get_connection:96 - Database error: no such table: devices
2026-02-12 14:40:02,716 - DASAS - ERROR - _render_system_status:186 - Error rendering system status: no such table: devices
2026-02-12 14:40:02,938 - DASAS - INFO - main:356 - Starting DASAS Admin Dashboard...
2026-02-12 14:40:02,946 - DASAS - ERROR - get_connection:96 - Database error: no such table: devices
2026-02-12 14:40:02,946 - DASAS - ERROR - _render_system_status:186 - Error rendering system status: no such table: devices
2026-02-12 14:40:03,183 - DASAS - INFO - main:356 - Starting DASAS Admin Dashboard...
2026-02-12 14:40:03,190 - DASAS - ERROR - get_connection:96 - Database error: no such table: devices
2026-02-12 14:40:03,190 - DASAS - ERROR - _render_system_status:186 - Error rendering system status: no such table: devices
2026-02-12 14:40:03,415 - DASAS - INFO - main:356 - Starting DASAS Admin Dashboard...
2026-02-12 14:40:03,423 - DASAS - ERROR - get_connection:96 - Database error: no such table: devices
2026-02-12 14:40:03,423 - DASAS - ERROR - _render_system_status:186 - Error rendering system status: no such table: devices
2026-02-12 14:40:03,645 - DASAS - INFO - main:356 - Starting DASAS Admin Dashboard...
2026-02-12 14:40:03,653 - DASAS - ERROR - get_connection:96 - Database error: no such table: devices
2026-02-12 14:40:03,654 - DASAS - ERROR - _render_system_status:186 - Error rendering system status: no such table: devices
2026-02-12 14:40:03,892 - DASAS - INFO - main:356 - Starting DASAS Admin Dashboard...
2026-02-12 14:40:03,899 - DASAS - ERROR - get_connection:96 - Database error: no such table: devices
2026-02-12 14:40:03,900 - DASAS - ERROR - _render_system_status:186 - Error rendering system status: no such table: devices
2026-02-12 14:40:04,120 - DASAS - INFO - main:356 - Starting DASAS Admin Dashboard...
2026-02-12 14:40:04,127 - DASAS - ERROR - get_connection:96 - Database error: no such table: devices
2026-02-12 14:40:04,128 - DASAS - ERROR - _render_system_status:186 - Error rendering system status: no such table: devices
2026-02-12 14:40:04,358 - DASAS - INFO - main:356 - Starting DASAS Admin Dashboard...
2026-02-12 14:40:04,365 - DASAS - ERROR - get_connection:96 - Database error: no such table: devices
2026-02-12 14:40:04,366 - DASAS - ERROR - _render_system_status:186 - Error rendering system status: no such table: devices
2026-02-12 14:40:04,584 - DASAS - INFO - main:356 - Starting DASAS Admin Dashboard...
2026-02-12 14:40:04,591 - DASAS - ERROR - get_connection:96 - Database error: no such table: devices
2026-02-12 14:40:04,592 - DASAS - ERROR - _render_system_status:186 - Error rendering system status: no such table: devices
2026-02-12 14:40:04,829 - DASAS - INFO - main:356 - Starting DASAS Admin Dashboard...
2026-02-12 14:40:04,839 - DASAS - ERROR - get_connection:96 - Database error: no such table: devices
2026-02-12 14:40:04,840 - DASAS - ERROR - _render_system_status:186 - Error rendering system status: no such table: devices
2026-02-12 14:40:05,074 - DASAS - INFO - main:356 - Starting DASAS Admin Dashboard...
2026-02-12 14:40:05,081 - DASAS - ERROR - get_connection:96 - Database error: no such table: devices
2026-02-12 14:40:05,082 - DASAS - ERROR - _render_system_status:186 - Error rendering system status: no such table: devices
2026-02-12 14:40:05,322 - DASAS - INFO - main:356 - Starting DASAS Admin Dashboard...
2026-02-12 14:40:05,329 - DASAS - ERROR - get_connection:96 - Database error: no such table: devices
2026-02-12 14:40:05,329 - DASAS - ERROR - _render_system_status:186 - Error rendering system status: no such table: devices
2026-02-12 14:40:05,554 - DASAS - INFO - main:356 - Starting DASAS Admin Dashboard...
2026-02-12 14:40:05,561 - DASAS - ERROR - get_connection:96 - Database error: no such table: devices
2026-02-12 14:40:05,562 - DASAS - ERROR - _render_system_status:186 - Error rendering system status: no such table: devices
2026-02-12 14:40:05,783 - DASAS - INFO - main:356 - Starting DASAS Admin Dashboard...
2026-02-12 14:40:05,789 - DASAS - ERROR - get_connection:96 - Database error: no such table: devices
2026-02-12 14:40:05,790 - DASAS - ERROR - _render_system_status:186 - Error rendering system status: no such table: devices
2026-02-12 14:40:06,012 - DASAS - INFO - main:356 - Starting DASAS Admin Dashboard...
2026-02-12 14:40:06,019 - DASAS - ERROR - get_connection:96 - Database error: no such table: devices
2026-02-12 14:40:06,020 - DASAS - ERROR - _render_system_status:186 - Error rendering system status: no such table: devices
2026-02-12 14:40:06,240 - DASAS - INFO - main:356 - Starting DASAS Admin Dashboard...
2026-02-12 14:40:06,247 - DASAS - ERROR - get_connection:96 - Database error: no such table: devices
2026-02-12 14:40:06,248 - DASAS - ERROR - _render_system_status:186 - Error rendering system status: no such table: devices
2026-02-12 14:40:06,485 - DASAS - INFO - main:356 - Starting DASAS Admin Dashboard...
2026-02-12 14:40:06,492 - DASAS - ERROR - get_connection:96 - Database error: no such table: devices
2026-02-12 14:40:06,493 - DASAS - ERROR - _render_system_status:186 - Error rendering system status: no such table: devices
2026-02-12 14:40:06,709 - DASAS - INFO - main:356 - Starting DASAS Admin Dashboard...
2026-02-12 14:40:06,716 - DASAS - ERROR - get_connection:96 - Database error: no such table: devices
2026-02-12 14:40:06,717 - DASAS - ERROR - _render_system_status:186 - Error rendering system status: no such table: devices
2026-02-12 14:40:06,939 - DASAS - INFO - main:356 - Starting DASAS Admin Dashboard...
2026-02-12 14:40:06,946 - DASAS - ERROR - get_connection:96 - Database error: no such table: devices
2026-02-12 14:40:06,947 - DASAS - ERROR - _render_system_status:186 - Error rendering system status: no such table: devices
2026-02-12 14:40:07,183 - DASAS - INFO - main:356 - Starting DASAS Admin Dashboard...
2026-02-12 14:40:07,190 - DASAS - ERROR - get_connection:96 - Database error: no such table: devices
2026-02-12 14:40:07,191 - DASAS - ERROR - _render_system_status:186 - Error rendering system status: no such table: devices
2026-02-12 14:40:07,424 - DASAS - INFO - main:356 - Starting DASAS Admin Dashboard...
2026-02-12 14:40:07,431 - DASAS - ERROR - get_connection:96 - Database error: no such table: devices
2026-02-12 14:40:07,432 - DASAS - ERROR - _render_system_status:186 - Error rendering system status: no such table: devices
2026-02-12 14:40:07,653 - DASAS - INFO - main:356 - Starting DASAS Admin Dashboard...
2026-02-12 14:40:07,661 - DASAS - ERROR - get_connection:96 - Database error: no such table: devices
2026-02-12 14:40:07,662 - DASAS - ERROR - _render_system_status:186 - Error rendering system status: no such table: devices
2026-02-12 14:40:07,879 - DASAS - INFO - main:356 - Starting DASAS Admin Dashboard...
2026-02-12 14:40:07,887 - DASAS - ERROR - get_connection:96 - Database error: no such table: devices
2026-02-12 14:40:07,888 - DASAS - ERROR - _render_system_status:186 - Error rendering system status: no such table: devices
2026-02-12 14:40:08,119 - DASAS - INFO - main:356 - Starting DASAS Admin Dashboard...
2026-02-12 14:40:08,128 - DASAS - ERROR - get_connection:96 - Database error: no such table: devices
2026-02-12 14:40:08,128 - DASAS - ERROR - _render_system_status:186 - Error rendering system status: no such table: devices
2026-02-12 14:40:08,368 - DASAS - INFO - main:356 - Starting DASAS Admin Dashboard...
2026-02-12 14:40:08,377 - DASAS - ERROR - get_connection:96 - Database error: no such table: devices
2026-02-12 14:40:08,378 - DASAS - ERROR - _render_system_status:186 - Error rendering system status: no such table: devices
2026-02-12 14:40:08,622 - DASAS - INFO - main:356 - Starting DASAS Admin Dashboard...
2026-02-12 14:40:08,630 - DASAS - ERROR - get_connection:96 - Database error: no such table: devices
2026-02-12 14:40:08,630 - DASAS - ERROR - _render_system_status:186 - Error rendering system status: no such table: devices
2026-02-12 14:40:08,851 - DASAS - INFO - main:356 - Starting DASAS Admin Dashboard...
2026-02-12 14:40:08,858 - DASAS - ERROR - get_connection:96 - Database error: no such table: devices
2026-02-12 14:40:08,858 - DASAS - ERROR - _render_system_status:186 - Error rendering system status: no such table: devices
2026-02-12 14:40:09,079 - DASAS - INFO - main:356 - Starting DASAS Admin Dashboard...
2026-02-12 14:40:09,086 - DASAS - ERROR - get_connection:96 - Database error: no such table: devices
2026-02-12 14:40:09,087 - DASAS - ERROR - _render_system_status:186 - Error rendering system status: no such table: devices
2026-02-12 14:40:09,321 - DASAS - INFO - main:356 - Starting DASAS Admin Dashboard...
2026-02-12 14:40:09,329 - DASAS - ERROR - get_connection:96 - Database error: no such table: devices
2026-02-12 14:40:09,330 - DASAS - ERROR - _render_system_status:186 - Error rendering system status: no such table: devices
2026-02-12 14:40:09,575 - DASAS - INFO - main:356 - Starting DASAS Admin Dashboard...
2026-02-12 14:40:09,582 - DASAS - ERROR - get_connection:96 - Database error: no such table: devices
2026-02-12 14:40:09,582 - DASAS - ERROR - _render_system_status:186 - Error rendering system status: no such table: devices
2026-02-12 14:40:09,805 - DASAS - INFO - main:356 - Starting DASAS Admin Dashboard...
2026-02-12 14:40:09,812 - DASAS - ERROR - get_connection:96 - Database error: no such table: devices
2026-02-12 14:40:09,813 - DASAS - ERROR - _render_system_status:186 - Error rendering system status: no such table: devices
2026-02-12 14:40:10,035 - DASAS - INFO - main:356 - Starting DASAS Admin Dashboard...
2026-02-12 14:40:10,042 - DASAS - ERROR - get_connection:96 - Database error: no such table: devices
2026-02-12 14:40:10,042 - DASAS - ERROR - _render_system_status:186 - Error rendering system status: no such table: devices
2026-02-12 14:40:10,265 - DASAS - INFO - main:356 - Starting DASAS Admin Dashboard...
2026-02-12 14:40:10,272 - DASAS - ERROR - get_connection:96 - Database error: no such table: devices
2026-02-12 14:40:10,273 - DASAS - ERROR - _render_system_status:186 - Error rendering system status: no such table: devices
2026-02-12 14:40:10,496 - DASAS - INFO - main:356 - Starting DASAS Admin Dashboard...
2026-02-12 14:40:10,506 - DASAS - ERROR - get_connection:96 - Database error: no such table: devices
2026-02-12 14:40:10,506 - DASAS - ERROR - _render_system_status:186 - Error rendering system status: no such table: devices
2026-02-12 14:40:10,751 - DASAS - INFO - main:356 - Starting DASAS Admin Dashboard...
2026-02-12 14:40:10,758 - DASAS - ERROR - get_connection:96 - Database error: no such table: devices
2026-02-12 14:40:10,759 - DASAS - ERROR - _render_system_status:186 - Error rendering system status: no such table: devices
2026-02-12 14:40:10,983 - DASAS - INFO - main:356 - Starting DASAS Admin Dashboard...
2026-02-12 14:40:10,994 - DASAS - ERROR - get_connection:96 - Database error: no such table: devices
2026-02-12 14:40:10,994 - DASAS - ERROR - _render_system_status:186 - Error rendering system status: no such table: devices
2026-02-12 14:40:11,282 - DASAS - INFO - main:356 - Starting DASAS Admin Dashboard...
2026-02-12 14:40:11,289 - DASAS - ERROR - get_connection:96 - Database error: no such table: devices
2026-02-12 14:40:11,290 - DASAS - ERROR - _render_system_status:186 - Error rendering system status: no such table: devices
2026-02-12 14:40:11,516 - DASAS - INFO - main:356 - Starting DASAS Admin Dashboard...
2026-02-12 14:40:11,522 - DASAS - ERROR - get_connection:96 - Database error: no such table: devices
2026-02-12 14:40:11,523 - DASAS - ERROR - _render_system_status:186 - Error rendering system status: no such table: devices
2026-02-12 14:40:11,752 - DASAS - INFO - main:356 - Starting DASAS Admin Dashboard...
2026-02-12 14:40:11,762 - DASAS - ERROR - get_connection:96 - Database error: no such table: devices
2026-02-12 14:40:11,763 - DASAS - ERROR - _render_system_status:186 - Error rendering system status: no such table: devices
2026-02-12 14:40:12,020 - DASAS - INFO - main:356 - Starting DASAS Admin Dashboard...
2026-02-12 14:40:12,027 - DASAS - ERROR - get_connection:96 - Database error: no such table: devices
2026-02-12 14:40:12,028 - DASAS - ERROR - _render_system_status:186 - Error rendering system status: no such table: devices
2026-02-12 14:40:12,244 - DASAS - INFO - main:356 - Starting DASAS Admin Dashboard...
2026-02-12 14:40:12,251 - DASAS - ERROR - get_connection:96 - Database error: no such table: devices
2026-02-12 14:40:12,252 - DASAS - ERROR - _render_system_status:186 - Error rendering system status: no such table: devices
2026-02-12 14:40:12,474 - DASAS - INFO - main:356 - Starting DASAS Admin Dashboard...
2026-02-12 14:40:12,482 - DASAS - ERROR - get_connection:96 - Database error: no such table: devices
2026-02-12 14:40:12,482 - DASAS - ERROR - _render_system_status:186 - Error rendering system status: no such table: devices
2026-02-12 14:40:12,729 - DASAS - INFO - main:356 - Starting DASAS Admin Dashboard...
2026-02-12 14:40:12,737 - DASAS - ERROR - get_connection:96 - Database error: no such table: devices
2026-02-12 14:40:12,738 - DASAS - ERROR - _render_system_status:186 - Error rendering system status: no such table: devices
2026-02-12 14:40:12,974 - DASAS - INFO - main:356 - Starting DASAS Admin Dashboard...
2026-02-12 14:40:12,981 - DASAS - ERROR - get_connection:96 - Database error: no such table: devices
2026-02-12 14:40:12,982 - DASAS - ERROR - _render_system_status:186 - Error rendering system status: no such table: devices
2026-02-12 14:40:13,205 - DASAS - INFO - main:356 - Starting DASAS Admin Dashboard...
2026-02-12 14:40:13,212 - DASAS - ERROR - get_connection:96 - Database error: no such table: devices
2026-02-12 14:40:13,213 - DASAS - ERROR - _render_system_status:186 - Error rendering system status: no such table: devices
2026-02-12 14:40:13,437 - DASAS - INFO - main:356 - Starting DASAS Admin Dashboard...
2026-02-12 14:40:13,445 - DASAS - ERROR - get_connection:96 - Database error: no such table: devices
2026-02-12 14:40:13,445 - DASAS - ERROR - _render_system_status:186 - Error rendering system status: no such table: devices
2026-02-12 14:40:13,663 - DASAS - INFO - main:356 - Starting DASAS Admin Dashboard...
2026-02-12 14:40:13,674 - DASAS - ERROR - get_connection:96 - Database error: no such table: devices
2026-02-12 14:40:13,675 - DASAS - ERROR - _render_system_status:186 - Error rendering system status: no such table: devices
2026-02-12 14:40:13,898 - DASAS - INFO - main:356 - Starting DASAS Admin Dashboard...
2026-02-12 14:40:13,905 - DASAS - ERROR - get_connection:96 - Database error: no such table: devices
2026-02-12 14:40:13,905 - DASAS - ERROR - _render_system_status:186 - Error rendering system status: no such table: devices
2026-02-12 14:40:14,120 - DASAS - INFO - main:356 - Starting DASAS Admin Dashboard...
2026-02-12 14:40:14,127 - DASAS - ERROR - get_connection:96 - Database error: no such table: devices
2026-02-12 14:40:14,127 - DASAS - ERROR - _render_system_status:186 - Error rendering system status: no such table: devices
2026-02-12 14:40:14,342 - DASAS - INFO - main:356 - Starting DASAS Admin Dashboard...
2026-02-12 14:40:14,351 - DASAS - ERROR - get_connection:96 - Database error: no such table: devices
2026-02-12 14:40:14,352 - DASAS - ERROR - _render_system_status:186 - Error rendering system status: no such table: devices
2026-02-12 14:40:14,572 - DASAS - INFO - main:356 - Starting DASAS Admin Dashboard...
2026-02-12 14:40:14,579 - DASAS - ERROR - get_connection:96 - Database error: no such table: devices
2026-02-12 14:40:14,579 - DASAS - ERROR - _render_system_status:186 - Error rendering system status: no such table: devices
2026-02-12 14:40:14,846 - DASAS - INFO - main:356 - Starting DASAS Admin Dashboard...
2026-02-12 14:40:14,853 - DASAS - ERROR - get_connection:96 - Database error: no such table: devices
2026-02-12 14:40:14,854 - DASAS - ERROR - _render_system_status:186 - Error rendering system status: no such table: devices
2026-02-12 14:40:15,078 - DASAS - INFO - main:356 - Starting DASAS Admin Dashboard...
2026-02-12 14:40:15,085 - DASAS - ERROR - get_connection:96 - Database error: no such table: devices
2026-02-12 14:40:15,085 - DASAS - ERROR - _render_system_status:186 - Error rendering system status: no such table: devices
2026-02-12 14:40:15,303 - DASAS - INFO - main:356 - Starting DASAS Admin Dashboard...
2026-02-12 14:40:15,310 - DASAS - ERROR - get_connection:96 - Database error: no such table: devices
2026-02-12 14:40:15,311 - DASAS - ERROR - _render_system_status:186 - Error rendering system status: no such table: devices
2026-02-12 14:40:15,528 - DASAS - INFO - main:356 - Starting DASAS Admin Dashboard...
2026-02-12 14:40:15,535 - DASAS - ERROR - get_connection:96 - Database error: no such table: devices
2026-02-12 14:40:15,536 - DASAS - ERROR - _render_system_status:186 - Error rendering system status: no such table: devices
2026-02-12 14:40:15,773 - DASAS - INFO - main:356 - Starting DASAS Admin Dashboard...
2026-02-12 14:40:15,784 - DASAS - ERROR - get_connection:96 - Database error: no such table: devices
2026-02-12 14:40:15,785 - DASAS - ERROR - _render_system_status:186 - Error rendering system status: no such table: devices
2026-02-12 14:40:16,015 - DASAS - INFO - main:356 - Starting DASAS Admin Dashboard...
2026-02-12 14:40:16,021 - DASAS - ERROR - get_connection:96 - Database error: no such table: devices
2026-02-12 14:40:16,022 - DASAS - ERROR - _render_system_status:186 - Error rendering system status: no such table: devices
2026-02-12 14:40:16,251 - DASAS - INFO - main:356 - Starting DASAS Admin Dashboard...
2026-02-12 14:40:16,259 - DASAS - ERROR - get_connection:96 - Database error: no such table: devices
2026-02-12 14:40:16,259 - DASAS - ERROR - _render_system_status:186 - Error rendering system status: no such table: devices
2026-02-12 14:40:16,501 - DASAS - INFO - main:356 - Starting DASAS Admin Dashboard...
2026-02-12 14:40:16,507 - DASAS - ERROR - get_connection:96 - Database error: no such table: devices
2026-02-12 14:40:16,508 - DASAS - ERROR - _render_system_status:186 - Error rendering system status: no such table: devices
2026-02-12 14:40:16,735 - DASAS - INFO - main:356 - Starting DASAS Admin Dashboard...
2026-02-12 14:40:16,742 - DASAS - ERROR - get_connection:96 - Database error: no such table: devices
2026-02-12 14:40:16,743 - DASAS - ERROR - _render_system_status:186 - Error rendering system status: no such table: devices
2026-02-12 14:40:16,981 - DASAS - INFO - main:356 - Starting DASAS Admin Dashboard...
2026-02-12 14:40:16,996 - DASAS - ERROR - get_connection:96 - Database error: no such table: devices
2026-02-12 14:40:17,010 - DASAS - ERROR - _render_system_status:186 - Error rendering system status: no such table: devices
2026-02-12 14:40:17,237 - DASAS - INFO - main:356 - Starting DASAS Admin Dashboard...
2026-02-12 14:40:17,245 - DASAS - ERROR - get_connection:96 - Database error: no such table: devices
2026-02-12 14:40:17,245 - DASAS - ERROR - _render_system_status:186 - Error rendering system status: no such table: devices
2026-02-12 14:40:17,466 - DASAS - INFO - main:356 - Starting DASAS Admin Dashboard...
2026-02-12 14:40:17,473 - DASAS - ERROR - get_connection:96 - Database error: no such table: devices
2026-02-12 14:40:17,473 - DASAS - ERROR - _render_system_status:186 - Error rendering system status: no such table: devices
2026-02-12 14:40:17,698 - DASAS - INFO - main:356 - Starting DASAS Admin Dashboard...
2026-02-12 14:40:17,706 - DASAS - ERROR - get_connection:96 - Database error: no such table: devices
2026-02-12 14:40:17,706 - DASAS - ERROR - _render_system_status:186 - Error rendering system status: no such table: devices
2026-02-12 14:40:17,949 - DASAS - INFO - main:356 - Starting DASAS Admin Dashboard...
2026-02-12 14:40:17,957 - DASAS - ERROR - get_connection:96 - Database error: no such table: devices
2026-02-12 14:40:17,958 - DASAS - ERROR - _render_system_status:186 - Error rendering system status: no such table: devices
2026-02-12 14:40:18,189 - DASAS - INFO - main:356 - Starting DASAS Admin Dashboard...
2026-02-12 14:40:18,198 - DASAS - ERROR - get_connection:96 - Database error: no such table: devices
2026-02-12 14:40:18,198 - DASAS - ERROR - _render_system_status:186 - Error rendering system status: no such table: devices
2026-02-12 14:40:18,431 - DASAS - INFO - main:356 - Starting DASAS Admin Dashboard...
2026-02-12 14:40:18,440 - DASAS - ERROR - get_connection:96 - Database error: no such table: devices
2026-02-12 14:40:18,440 - DASAS - ERROR - _render_system_status:186 - Error rendering system status: no such table: devices
2026-02-12 14:40:18,739 - DASAS - INFO - main:356 - Starting DASAS Admin Dashboard...
2026-02-12 14:40:18,747 - DASAS - ERROR - get_connection:96 - Database error: no such table: devices
2026-02-12 14:40:18,748 - DASAS - ERROR - _render_system_status:186 - Error rendering system status: no such table: devices
2026-02-12 14:40:18,975 - DASAS - INFO - main:356 - Starting DASAS Admin Dashboard...
2026-02-12 14:40:18,983 - DASAS - ERROR - get_connection:96 - Database error: no such table: devices
2026-02-12 14:40:18,983 - DASAS - ERROR - _render_system_status:186 - Error rendering system status: no such table: devices
2026-02-12 14:40:19,215 - DASAS - INFO - main:356 - Starting DASAS Admin Dashboard...
2026-02-12 14:40:19,227 - DASAS - ERROR - get_connection:96 - Database error: no such table: devices
2026-02-12 14:40:19,227 - DASAS - ERROR - _render_system_status:186 - Error rendering system status: no such table: devices
2026-02-12 14:40:19,453 - DASAS - INFO - main:356 - Starting DASAS Admin Dashboard...
2026-02-12 14:40:19,461 - DASAS - ERROR - get_connection:96 - Database error: no such table: devices
2026-02-12 14:40:19,462 - DASAS - ERROR - _render_system_status:186 - Error rendering system status: no such table: devices
2026-02-12 14:40:19,698 - DASAS - INFO - main:356 - Starting DASAS Admin Dashboard...
2026-02-12 14:40:19,706 - DASAS - ERROR - get_connection:96 - Database error: no such table: devices
2026-02-12 14:40:19,708 - DASAS - ERROR - _render_system_status:186 - Error rendering system status: no such table: devices
2026-02-12 14:40:19,940 - DASAS - INFO - main:356 - Starting DASAS Admin Dashboard...
2026-02-12 14:40:19,949 - DASAS - ERROR - get_connection:96 - Database error: no such table: devices
2026-02-12 14:40:19,950 - DASAS - ERROR - _render_system_status:186 - Error rendering system status: no such table: devices
2026-02-12 14:40:20,196 - DASAS - INFO - main:356 - Starting DASAS Admin Dashboard...
2026-02-12 14:40:20,202 - DASAS - ERROR - get_connection:96 - Database error: no such table: devices
2026-02-12 14:40:20,203 - DASAS - ERROR - _render_system_status:186 - Error rendering system status: no such table: devices
2026-02-12 14:40:20,426 - DASAS - INFO - main:356 - Starting DASAS Admin Dashboard...
2026-02-12 14:40:20,433 - DASAS - ERROR - get_connection:96 - Database error: no such table: devices
2026-02-12 14:40:20,433 - DASAS - ERROR - _render_system_status:186 - Error rendering system status: no such table: devices
2026-02-12 14:40:20,657 - DASAS - INFO - main:356 - Starting DASAS Admin Dashboard...
2026-02-12 14:40:20,665 - DASAS - ERROR - get_connection:96 - Database error: no such table: devices
2026-02-12 14:40:20,666 - DASAS - ERROR - _render_system_status:186 - Error rendering system status: no such table: devices
2026-02-12 14:40:20,905 - DASAS - INFO - main:356 - Starting DASAS Admin Dashboard...
2026-02-12 14:40:20,915 - DASAS - ERROR - get_connection:96 - Database error: no such table: devices
2026-02-12 14:40:20,916 - DASAS - ERROR - _render_system_status:186 - Error rendering system status: no such table: devices
2026-02-12 14:40:21,163 - DASAS - INFO - main:356 - Starting DASAS Admin Dashboard...
2026-02-12 14:40:21,172 - DASAS - ERROR - get_connection:96 - Database error: no such table: devices
2026-02-12 14:40:21,174 - DASAS - ERROR - _render_system_status:186 - Error rendering system status: no such table: devices
2026-02-12 14:40:21,399 - DASAS - INFO - main:356 - Starting DASAS Admin Dashboard...
2026-02-12 14:40:21,408 - DASAS - ERROR - get_connection:96 - Database error: no such table: devices
2026-02-12 14:40:21,408 - DASAS - ERROR - _render_system_status:186 - Error rendering system status: no such table: devices
2026-02-12 14:40:21,651 - DASAS - INFO - main:356 - Starting DASAS Admin Dashboard...
2026-02-12 14:40:21,661 - DASAS - ERROR - get_connection:96 - Database error: no such table: devices
2026-02-12 14:40:21,662 - DASAS - ERROR - _render_system_status:186 - Error rendering system status: no such table: devices
2026-02-12 14:40:21,911 - DASAS - INFO - main:356 - Starting DASAS Admin Dashboard...
2026-02-12 14:40:21,920 - DASAS - ERROR - get_connection:96 - Database error: no such table: devices
2026-02-12 14:40:21,921 - DASAS - ERROR - _render_system_status:186 - Error rendering system status: no such table: devices
2026-02-12 14:40:22,171 - DASAS - INFO - main:356 - Starting DASAS Admin Dashboard...
2026-02-12 14:40:22,181 - DASAS - ERROR - get_connection:96 - Database error: no such table: devices
2026-02-12 14:40:22,183 - DASAS - ERROR - _render_system_status:186 - Error rendering system status: no such table: devices
2026-02-12 14:40:22,568 - DASAS - INFO - main:356 - Starting DASAS Admin Dashboard...
2026-02-12 14:40:22,580 - DASAS - ERROR - get_connection:96 - Database error: no such table: devices
2026-02-12 14:40:22,581 - DASAS - ERROR - _render_system_status:186 - Error rendering system status: no such table: devices
2026-02-12 14:40:22,816 - DASAS - INFO - main:356 - Starting DASAS Admin Dashboard...
2026-02-12 14:40:22,825 - DASAS - ERROR - get_connection:96 - Database error: no such table: devices
2026-02-12 14:40:22,826 - DASAS - ERROR - _render_system_status:186 - Error rendering system status: no such table: devices
2026-02-12 14:40:23,077 - DASAS - INFO - main:356 - Starting DASAS Admin Dashboard...
2026-02-12 14:40:23,086 - DASAS - ERROR - get_connection:96 - Database error: no such table: devices
2026-02-12 14:40:23,087 - DASAS - ERROR - _render_system_status:186 - Error rendering system status: no such table: devices
2026-02-12 14:40:23,374 - DASAS - INFO - main:356 - Starting DASAS Admin Dashboard...
2026-02-12 14:40:23,382 - DASAS - ERROR - get_connection:96 - Database error: no such table: devices
2026-02-12 14:40:23,383 - DASAS - ERROR - _render_system_status:186 - Error rendering system status: no such table: devices
2026-02-12 14:40:23,613 - DASAS - INFO - main:356 - Starting DASAS Admin Dashboard...
2026-02-12 14:40:23,621 - DASAS - ERROR - get_connection:96 - Database error: no such table: devices
2026-02-12 14:40:23,621 - DASAS - ERROR - _render_system_status:186 - Error rendering system status: no such table: devices
2026-02-12 14:40:23,862 - DASAS - INFO - main:356 - Starting DASAS Admin Dashboard...
2026-02-12 14:40:23,879 - DASAS - ERROR - get_connection:96 - Database error: no such table: devices
2026-02-12 14:40:23,880 - DASAS - ERROR - _render_system_status:186 - Error rendering system status: no such table: devices
2026-02-12 14:40:24,106 - DASAS - INFO - main:356 - Starting DASAS Admin Dashboard...
2026-02-12 14:40:24,114 - DASAS - ERROR - get_connection:96 - Database error: no such table: devices
2026-02-12 14:40:24,120 - DASAS - ERROR - _render_system_status:186 - Error rendering system status: no such table: devices
2026-02-12 14:40:24,367 - DASAS - INFO - main:356 - Starting DASAS Admin Dashboard...
2026-02-12 14:40:24,375 - DASAS - ERROR - get_connection:96 - Database error: no such table: devices
2026-02-12 14:40:24,375 - DASAS - ERROR - _render_system_status:186 - Error rendering system status: no such table: devices
2026-02-12 14:40:24,621 - DASAS - INFO - main:356 - Starting DASAS Admin Dashboard...
2026-02-12 14:40:24,627 - DASAS - ERROR - get_connection:96 - Database error: no such table: devices
2026-02-12 14:40:24,628 - DASAS - ERROR - _render_system_status:186 - Error rendering system status: no such table: devices
2026-02-12 14:40:24,877 - DASAS - INFO - main:356 - Starting DASAS Admin Dashboard...
2026-02-12 14:40:24,885 - DASAS - ERROR - get_connection:96 - Database error: no such table: devices
2026-02-12 14:40:24,886 - DASAS - ERROR - _render_system_status:186 - Error rendering system status: no such table: devices
2026-02-12 14:40:25,109 - DASAS - INFO - main:356 - Starting DASAS Admin Dashboard...
2026-02-12 14:40:25,118 - DASAS - ERROR - get_connection:96 - Database error: no such table: devices
2026-02-12 14:40:25,118 - DASAS - ERROR - _render_system_status:186 - Error rendering system status: no such table: devices
2026-02-12 14:40:25,365 - DASAS - INFO - main:356 - Starting DASAS Admin Dashboard...
2026-02-12 14:40:25,375 - DASAS - ERROR - get_connection:96 - Database error: no such table: devices
2026-02-12 14:40:25,376 - DASAS - ERROR - _render_system_status:186 - Error rendering system status: no such table: devices
2026-02-12 14:40:25,614 - DASAS - INFO - main:356 - Starting DASAS Admin Dashboard...
2026-02-12 14:40:25,621 - DASAS - ERROR - get_connection:96 - Database error: no such table: devices
2026-02-12 14:40:25,622 - DASAS - ERROR - _render_system_status:186 - Error rendering system status: no such table: devices
2026-02-12 14:40:25,845 - DASAS - INFO - main:356 - Starting DASAS Admin Dashboard...
2026-02-12 14:40:25,852 - DASAS - ERROR - get_connection:96 - Database error: no such table: devices
2026-02-12 14:40:25,853 - DASAS - ERROR - _render_system_status:186 - Error rendering system status: no such table: devices
2026-02-12 14:40:26,076 - DASAS - INFO - main:356 - Starting DASAS Admin Dashboard...
2026-02-12 14:40:26,083 - DASAS - ERROR - get_connection:96 - Database error: no such table: devices
2026-02-12 14:40:26,083 - DASAS - ERROR - _render_system_status:186 - Error rendering system status: no such table: devices
2026-02-12 14:40:26,363 - DASAS - INFO - main:356 - Starting DASAS Admin Dashboard...
2026-02-12 14:40:26,370 - DASAS - ERROR - get_connection:96 - Database error: no such table: devices
2026-02-12 14:40:26,371 - DASAS - ERROR - _render_system_status:186 - Error rendering system status: no such table: devices
2026-02-12 14:40:26,583 - DASAS - INFO - main:356 - Starting DASAS Admin Dashboard...
2026-02-12 14:40:26,590 - DASAS - ERROR - get_connection:96 - Database error: no such table: devices
2026-02-12 14:40:26,591 - DASAS - ERROR - _render_system_status:186 - Error rendering system status: no such table: devices
2026-02-12 14:40:26,831 - DASAS - INFO - main:356 - Starting DASAS Admin Dashboard...
2026-02-12 14:40:26,838 - DASAS - ERROR - get_connection:96 - Database error: no such table: devices
2026-02-12 14:40:26,839 - DASAS - ERROR - _render_system_status:186 - Error rendering system status: no such table: devices
2026-02-12 14:40:27,066 - DASAS - INFO - main:356 - Starting DASAS Admin Dashboard...
2026-02-12 14:40:27,074 - DASAS - ERROR - get_connection:96 - Database error: no such table: devices
2026-02-12 14:40:27,075 - DASAS - ERROR - _render_system_status:186 - Error rendering system status: no such table: devices
2026-02-12 14:40:27,306 - DASAS - INFO - main:356 - Starting DASAS Admin Dashboard...
2026-02-12 14:40:27,314 - DASAS - ERROR - get_connection:96 - Database error: no such table: devices
2026-02-12 14:40:27,315 - DASAS - ERROR - _render_system_status:186 - Error rendering system status: no such table: devices
